<?xml version="1.0" encoding="UTF-8"?>
<!-- Generated by org.testng.reporters.JUnitXMLReporter -->
<testsuite hostname="jarydon-RMBP-PC" name="Default test" tests="7" failures="0" timestamp="6 Nov 2018 03:19:55 GMT" time="1.116" errors="0">
  <testcase name="@BeforeSuite init" time="0.0" classname="com.sele.Register">
    <failure type="org.testng.TestNGException" message="
Parameter &amp;apos;browserType&amp;apos; is required by @Configuration on method init but has not been marked @Optional or defined
in C:\Users\Administrator\AppData\Local\Temp\testng-eclipse--1780568110\testng-customsuite.xml">
      <![CDATA[org.testng.TestNGException: 
Parameter 'browserType' is required by @Configuration on method init but has not been marked @Optional or defined
in C:\Users\Administrator\AppData\Local\Temp\testng-eclipse--1780568110\testng-customsuite.xml
	at org.testng.internal.Parameters.createParameters(Parameters.java:155)
	at org.testng.internal.Parameters.createParameters(Parameters.java:358)
	at org.testng.internal.Parameters.createConfigurationParameters(Parameters.java:86)
	at org.testng.internal.Invoker.invokeConfigurations(Invoker.java:199)
	at org.testng.internal.Invoker.invokeConfigurations(Invoker.java:138)
	at org.testng.SuiteRunner.privateRun(SuiteRunner.java:277)
	at org.testng.SuiteRunner.run(SuiteRunner.java:240)
	at org.testng.SuiteRunnerWorker.runSuite(SuiteRunnerWorker.java:52)
	at org.testng.SuiteRunnerWorker.run(SuiteRunnerWorker.java:86)
	at org.testng.TestNG.runSuitesSequentially(TestNG.java:1224)
	at org.testng.TestNG.runSuitesLocally(TestNG.java:1149)
	at org.testng.TestNG.run(TestNG.java:1057)
	at org.testng.remote.RemoteTestNG.run(RemoteTestNG.java:111)
	at org.testng.remote.RemoteTestNG.initAndRun(RemoteTestNG.java:204)
	at org.testng.remote.RemoteTestNG.main(RemoteTestNG.java:175)
]]>
    </failure>
  </testcase> <!-- @BeforeSuite init -->
  <testcase name="register" time="0.004" classname="com.sele.Register">
    <skipped/>
  </testcase> <!-- register -->
  <testcase name="register" time="0.001" classname="com.sele.Register">
    <skipped/>
  </testcase> <!-- register -->
  <testcase name="register" time="0.001" classname="com.sele.Register">
    <skipped/>
  </testcase> <!-- register -->
  <testcase name="register" time="0.001" classname="com.sele.Register">
    <skipped/>
  </testcase> <!-- register -->
  <testcase name="register" time="0.001" classname="com.sele.Register">
    <skipped/>
  </testcase> <!-- register -->
  <testcase name="register" time="0.0" classname="com.sele.Register">
    <skipped/>
  </testcase> <!-- register -->
  <testcase name="register1" time="0.001" classname="com.sele.Register">
    <skipped/>
  </testcase> <!-- register1 -->
</testsuite> <!-- Default test -->
