<?xml version="1.0" encoding="UTF-8"?>
<!-- Generated by org.testng.reporters.JUnitXMLReporter -->
<testsuite hostname="jarydon-RMBP-PC" name="注册" tests="7" failures="1" timestamp="6 Nov 2018 02:54:34 GMT" time="42.859" errors="0">
  <testcase name="register" time="5.66" classname="com.sele.Register"/>
  <testcase name="register" time="1.067" classname="com.sele.Register"/>
  <testcase name="register" time="0.888" classname="com.sele.Register"/>
  <testcase name="register" time="0.552" classname="com.sele.Register"/>
  <testcase name="register" time="0.581" classname="com.sele.Register"/>
  <testcase name="register" time="0.567" classname="com.sele.Register"/>
  <testcase name="register1" time="30.912" classname="com.sele.Register">
    <failure type="java.lang.AssertionError" message="expected [true] but found [false]">
      <![CDATA[java.lang.AssertionError: expected [true] but found [false]
	at com.sele.Register.register1(Register.java:49)
... Removed 28 stack frames]]>
    </failure>
  </testcase> <!-- register1 -->
</testsuite> <!-- 注册 -->
